2025-01-30 13:21:38.814 | INFO     | utils_logger:<module>:41 - Logging to file: logs\project_log.log
2025-01-30 13:21:38.814 | INFO     | __main__:main:93 - Starting CSV fetch demonstration...
2025-01-30 13:21:38.814 | INFO     | __main__:fetch_csv_file:52 - Fetching CSV data from https://raw.githubusercontent.com/MainakRepositor/Datasets/master/World%20Happiness%20Data/2020.csv...
2025-01-30 13:21:39.370 | INFO     | __main__:write_csv_file:76 - Writing CSV data to example_data\2020_happiness.csv...
2025-01-30 13:21:39.372 | INFO     | __main__:write_csv_file:80 - SUCCESS: CSV data written to example_data\2020_happiness.csv
2025-01-30 13:21:39.374 | INFO     | __main__:fetch_csv_file:56 - SUCCESS: CSV file fetched and saved as 2020_happiness.csv
2025-01-30 13:21:50.995 | INFO     | utils_logger:<module>:41 - Logging to file: logs\project_log.log
2025-01-30 13:21:50.995 | INFO     | __main__:main:93 - Starting Excel fetch demonstration...
2025-01-30 13:21:50.995 | INFO     | __main__:fetch_excel_file:52 - Fetching Excel data from https://raw.githubusercontent.com/denisecase/datafun-03-analytics/main/hosted/Feedback.xlsx...
2025-01-30 13:21:51.396 | INFO     | __main__:write_excel_file:76 - Writing Excel data to example_data\feedback.xlsx...
2025-01-30 13:21:51.396 | INFO     | __main__:write_excel_file:80 - SUCCESS: Excel data written to example_data\feedback.xlsx
2025-01-30 13:21:51.411 | INFO     | __main__:fetch_excel_file:56 - SUCCESS: Excel file fetched and saved as feedback.xlsx
2025-01-30 13:21:59.748 | INFO     | utils_logger:<module>:41 - Logging to file: logs\project_log.log
2025-01-30 13:21:59.748 | INFO     | __main__:main:94 - Starting JSON fetch demonstration...
2025-01-30 13:21:59.748 | INFO     | __main__:fetch_json_file:53 - Fetching JSON data from http://api.open-notify.org/astros.json...
2025-01-30 13:22:00.033 | INFO     | __main__:write_json_file:77 - Writing JSON data to example_data\astros.json...
2025-01-30 13:22:00.033 | INFO     | __main__:write_json_file:81 - SUCCESS: JSON data written to example_data\astros.json
2025-01-30 13:22:00.033 | INFO     | __main__:fetch_json_file:57 - SUCCESS: JSON file fetched and saved as astros.json
2025-01-30 13:22:12.131 | INFO     | utils_logger:<module>:41 - Logging to file: logs\project_log.log
2025-01-30 13:22:12.147 | INFO     | __main__:main:93 - Starting text fetch demonstration...
2025-01-30 13:22:12.147 | INFO     | __main__:fetch_txt_file:52 - Fetching text data from https://raw.githubusercontent.com/denisecase/datafun-03-analytics/main/hosted/romeo.txt...
2025-01-30 13:22:12.768 | INFO     | __main__:write_txt_file:76 - Writing data to example_data\romeo.txt...
2025-01-30 13:22:12.784 | INFO     | __main__:write_txt_file:80 - SUCCESS: Data written to example_data\romeo.txt
2025-01-30 13:22:12.784 | INFO     | __main__:fetch_txt_file:56 - SUCCESS: Text file fetched and saved as romeo.txt
2025-01-30 13:22:21.756 | INFO     | utils_logger:<module>:41 - Logging to file: logs\project_log.log
2025-01-30 13:22:21.756 | INFO     | __main__:<module>:78 - Starting CSV processing...
2025-01-30 13:22:21.756 | INFO     | __main__:process_csv_file:71 - Processed CSV file: example_data\2020_happiness.csv, Statistics saved to: example_processed\happiness_ladder_score_stats.txt
2025-01-30 13:22:21.756 | INFO     | __main__:<module>:80 - CSV processing complete.
2025-01-30 13:22:44.825 | INFO     | utils_logger:<module>:41 - Logging to file: logs\project_log.log
2025-01-30 13:22:44.825 | INFO     | __main__:<module>:61 - Starting Excel processing...
2025-01-30 13:22:44.843 | INFO     | __main__:process_excel_file:54 - Processed Excel file: example_data\feedback.xlsx, Word count saved to: example_processed\excel_feedback_github_count.txt
2025-01-30 13:22:44.843 | INFO     | __main__:<module>:63 - Excel processing complete.
2025-01-30 13:22:50.013 | INFO     | utils_logger:<module>:41 - Logging to file: logs\project_log.log
2025-01-30 13:22:50.013 | INFO     | __main__:main:94 - Starting JSON fetch demonstration...
2025-01-30 13:22:50.013 | INFO     | __main__:fetch_json_file:53 - Fetching JSON data from http://api.open-notify.org/astros.json...
2025-01-30 13:22:50.159 | INFO     | __main__:write_json_file:77 - Writing JSON data to example_data\astros.json...
2025-01-30 13:22:50.159 | INFO     | __main__:write_json_file:81 - SUCCESS: JSON data written to example_data\astros.json
2025-01-30 13:22:50.159 | INFO     | __main__:fetch_json_file:57 - SUCCESS: JSON file fetched and saved as astros.json
2025-01-30 13:22:56.102 | INFO     | utils_logger:<module>:41 - Logging to file: logs\project_log.log
2025-01-30 13:22:56.102 | INFO     | __main__:main:93 - Starting text fetch demonstration...
2025-01-30 13:22:56.102 | INFO     | __main__:fetch_txt_file:52 - Fetching text data from https://raw.githubusercontent.com/denisecase/datafun-03-analytics/main/hosted/romeo.txt...
2025-01-30 13:22:56.213 | INFO     | __main__:write_txt_file:76 - Writing data to example_data\romeo.txt...
2025-01-30 13:22:56.228 | INFO     | __main__:write_txt_file:80 - SUCCESS: Data written to example_data\romeo.txt
2025-01-30 13:22:56.228 | INFO     | __main__:fetch_txt_file:56 - SUCCESS: Text file fetched and saved as romeo.txt
2025-01-30 13:56:29.411 | INFO     | utils_logger:<module>:41 - Logging to file: logs\project_log.log
2025-01-30 13:56:29.411 | INFO     | __main__:main:83 - Starting CSV fetch demonstration...
2025-01-30 13:56:29.411 | INFO     | __main__:fetch_csv_file:44 - Fetching CSV data from https://www.kaggle.com/datasets/anandshaw2001/netflix-movies-and-tv-shows?select=netflix_titles.csv...
2025-01-30 13:56:29.621 | INFO     | __main__:write_csv_file:68 - Writing CSV data to data\Netflix.csv...
2025-01-30 13:59:11.712 | INFO     | utils_logger:<module>:41 - Logging to file: logs\project_log.log
2025-01-30 13:59:11.712 | INFO     | __main__:main:83 - Starting CSV fetch...
2025-01-30 13:59:11.712 | INFO     | __main__:fetch_csv_file:44 - Fetching CSV data from https://www.kaggle.com/datasets/parasharmanas/movie-recommendation-system?select=movies.csv...
2025-01-30 13:59:12.161 | INFO     | __main__:write_csv_file:68 - Writing CSV data to data\Movies.csv...
2025-01-30 13:59:12.161 | INFO     | __main__:write_csv_file:72 - SUCCESS: CSV data written to data\Movies.csv
2025-01-30 13:59:12.161 | INFO     | __main__:fetch_csv_file:48 - SUCCESS: CSV file fetched and saved as Movies.csv
2025-01-30 14:00:49.686 | INFO     | utils_logger:<module>:41 - Logging to file: logs\project_log.log
2025-01-30 14:00:49.686 | INFO     | __main__:main:83 - Starting CSV fetch...
2025-01-30 14:00:49.686 | INFO     | __main__:fetch_csv_file:44 - Fetching CSV data from https://www.kaggle.com/datasets/parasharmanas/movie-recommendation-system?select=ratings.csv...
2025-01-30 14:00:49.874 | INFO     | __main__:write_csv_file:68 - Writing CSV data to data\Moviesratings.csv...
2025-01-30 14:00:49.874 | INFO     | __main__:write_csv_file:72 - SUCCESS: CSV data written to data\Moviesratings.csv
2025-01-30 14:00:49.874 | INFO     | __main__:fetch_csv_file:48 - SUCCESS: CSV file fetched and saved as Moviesratings.csv
2025-01-30 14:05:20.282 | INFO     | utils_logger:<module>:41 - Logging to file: logs\project_log.log
2025-01-30 14:05:20.282 | INFO     | __main__:main:83 - Starting CSV fetch...
2025-01-30 14:05:20.282 | INFO     | __main__:fetch_csv_file:44 - Fetching CSV data from https://data-lakecountyil.opendata.arcgis.com/api/download/v1/items/3e0c1eb04e5c48b3be9040b0589d3ccf/csv?layers=8...
2025-01-30 14:05:23.104 | INFO     | __main__:write_csv_file:68 - Writing CSV data to data\Obesity.csv...
2025-01-30 14:05:23.104 | INFO     | __main__:write_csv_file:72 - SUCCESS: CSV data written to data\Obesity.csv
2025-01-30 14:05:23.104 | INFO     | __main__:fetch_csv_file:48 - SUCCESS: CSV file fetched and saved as Obesity.csv
2025-01-30 14:33:27.597 | INFO     | utils_logger:<module>:41 - Logging to file: logs\project_log.log
2025-01-30 14:33:27.597 | INFO     | __main__:main:73 - Starting Excel fetch demonstration...
2025-01-30 14:33:27.597 | INFO     | __main__:fetch_excel_file:35 - Fetching Excel data from https://ers.usda.gov/sites/default/files/_laserfiche/DataFiles/53736/FoodImports.xlsx?v=31915...
2025-01-30 14:33:28.116 | INFO     | __main__:write_excel_file:59 - Writing Excel data to data\AnnualFoodImports.xlsx...
2025-01-30 14:33:28.116 | INFO     | __main__:write_excel_file:63 - SUCCESS: Excel data written to data\AnnualFoodImports.xlsx
2025-01-30 14:33:28.116 | INFO     | __main__:fetch_excel_file:39 - SUCCESS: Excel file fetched and saved as AnnualFoodImports.xlsx
2025-01-30 14:39:08.446 | INFO     | utils_logger:<module>:41 - Logging to file: logs\project_log.log
2025-01-30 14:39:08.446 | INFO     | __main__:main:73 - Starting JSON fetch demonstration...
2025-01-30 14:39:08.446 | INFO     | __main__:fetch_json_file:35 - Fetching JSON data from https://www.kaggle.com/datasets/kevinsmith94624/crop-yield-production?select=dataset-metadata.json...
2025-01-30 14:39:08.658 | ERROR    | __main__:fetch_json_file:43 - Request error occurred: Expecting value: line 3 column 1 (char 4)
2025-01-30 14:41:34.720 | INFO     | utils_logger:<module>:41 - Logging to file: logs\project_log.log
2025-01-30 14:41:34.720 | INFO     | __main__:main:73 - Starting JSON fetch demonstration...
2025-01-30 14:41:34.720 | INFO     | __main__:fetch_json_file:35 - Fetching JSON data from https://api.coindesk.com/v1/bpi/currentprice.json...
2025-01-30 14:41:34.808 | INFO     | __main__:write_json_file:59 - Writing JSON data to data\cropyield.json...
2025-01-30 14:41:34.809 | INFO     | __main__:write_json_file:63 - SUCCESS: JSON data written to data\cropyield.json
2025-01-30 14:41:34.810 | INFO     | __main__:fetch_json_file:39 - SUCCESS: JSON file fetched and saved as cropyield.json
2025-01-30 14:42:38.922 | INFO     | utils_logger:<module>:41 - Logging to file: logs\project_log.log
2025-01-30 14:42:38.922 | INFO     | __main__:main:73 - Starting JSON fetch demonstration...
2025-01-30 14:42:38.923 | INFO     | __main__:fetch_json_file:35 - Fetching JSON data from https://datausa.io/api/data?drilldowns=Nation&measures=Population...
2025-01-30 14:42:38.976 | INFO     | __main__:write_json_file:59 - Writing JSON data to data\population.json...
2025-01-30 14:42:38.981 | INFO     | __main__:write_json_file:63 - SUCCESS: JSON data written to data\population.json
2025-01-30 14:42:38.981 | INFO     | __main__:fetch_json_file:39 - SUCCESS: JSON file fetched and saved as population.json
2025-01-30 14:46:27.528 | INFO     | utils_logger:<module>:41 - Logging to file: logs\project_log.log
2025-01-30 14:46:27.528 | INFO     | __main__:main:75 - Starting text fetch demonstration...
2025-01-30 14:46:27.528 | INFO     | __main__:fetch_txt_file:36 - Fetching text data from https://raw.githubusercontent.com/denisecase/datafun-03-analytics/main/hosted/romeo.txt...
2025-01-30 14:46:27.958 | INFO     | __main__:write_txt_file:60 - Writing data to data\Shakespere.txt...
2025-01-30 14:46:27.958 | INFO     | __main__:write_txt_file:64 - SUCCESS: Data written to data\Shakespere.txt
2025-01-30 14:46:27.958 | INFO     | __main__:fetch_txt_file:40 - SUCCESS: Text file fetched and saved as Shakespere.txt
